<?xml version="1.0" encoding="UTF-8"?>
<!-- Generated by org.testng.reporters.JUnitReportReporter -->
<testsuite skipped="0" hostname="logesh" name="seleniumEasy.HandleDate" tests="1" failures="0" timestamp="01 Jan 2018 14:01:03 GMT" time="0.034" errors="0">
  <testcase name="DateTime" time="0.034" classname="seleniumEasy.HandleDate"/>
</testsuite> <!-- seleniumEasy.HandleDate -->
