<?xml version="1.0" encoding="UTF-8"?>
<!-- Generated by org.testng.reporters.JUnitReportReporter -->
<testsuite skipped="0" hostname="logesh" name="seleniumEasy.Listners" tests="3" failures="0" timestamp="30 Dec 2017 18:22:06 GMT" time="26.302" errors="0">
  <testcase name="simpleAlert" time="9.696" classname="seleniumEasy.Listners"/>
  <testcase name="confirmAlert" time="7.657" classname="seleniumEasy.Listners"/>
  <testcase name="promptAlert" time="8.949" classname="seleniumEasy.Listners"/>
</testsuite> <!-- seleniumEasy.Listners -->
